0 info it worked if it ends with ok
1 verbose cli [ '/usr/bin/node', '/usr/bin/npm', 'run', 'dist' ]
2 info using npm@3.5.2
3 info using node@v8.10.0
4 verbose run-script [ 'predist', 'dist', 'postdist' ]
5 info lifecycle JarinhaElectron@1.0.2~predist: JarinhaElectron@1.0.2
6 silly lifecycle JarinhaElectron@1.0.2~predist: no script for predist, continuing
7 info lifecycle JarinhaElectron@1.0.2~dist: JarinhaElectron@1.0.2
8 verbose lifecycle JarinhaElectron@1.0.2~dist: unsafe-perm in lifecycle true
9 verbose lifecycle JarinhaElectron@1.0.2~dist: PATH: /usr/share/npm/bin/node-gyp-bin:/home/gjara/Personal/GitHub/ElectronAutoUpdaterTest/node_modules/.bin:/usr/local/sbin:/usr/local/bin:/usr/sbin:/usr/bin:/sbin:/bin:/usr/games:/usr/local/games:/snap/bin
10 verbose lifecycle JarinhaElectron@1.0.2~dist: CWD: /home/gjara/Personal/GitHub/ElectronAutoUpdaterTest
11 silly lifecycle JarinhaElectron@1.0.2~dist: Args: [ '-c', 'electron-builder' ]
12 info lifecycle JarinhaElectron@1.0.2~dist: Failed to exec dist script
13 verbose stack Error: JarinhaElectron@1.0.2 dist: `electron-builder`
13 verbose stack spawn ENOENT
13 verbose stack     at ChildProcess.<anonymous> (/usr/share/npm/lib/utils/spawn.js:17:16)
13 verbose stack     at emitTwo (events.js:126:13)
13 verbose stack     at ChildProcess.emit (events.js:214:7)
13 verbose stack     at maybeClose (internal/child_process.js:925:16)
13 verbose stack     at Process.ChildProcess._handle.onexit (internal/child_process.js:209:5)
14 verbose pkgid JarinhaElectron@1.0.2
15 verbose cwd /home/gjara/Personal/GitHub/ElectronAutoUpdaterTest
16 error Linux 4.15.0-54-generic
17 error argv "/usr/bin/node" "/usr/bin/npm" "run" "dist"
18 error node v8.10.0
19 error npm  v3.5.2
20 error file sh
21 error code ELIFECYCLE
22 error errno ENOENT
23 error syscall spawn
24 error JarinhaElectron@1.0.2 dist: `electron-builder`
24 error spawn ENOENT
25 error Failed at the JarinhaElectron@1.0.2 dist script 'electron-builder'.
25 error Make sure you have the latest version of node.js and npm installed.
25 error If you do, this is most likely a problem with the JarinhaElectron package,
25 error not with npm itself.
25 error Tell the author that this fails on your system:
25 error     electron-builder
25 error You can get information on how to open an issue for this project with:
25 error     npm bugs JarinhaElectron
25 error Or if that isn't available, you can get their info via:
25 error     npm owner ls JarinhaElectron
25 error There is likely additional logging output above.
26 verbose exit [ 1, true ]
